

<!DOCTYPE html>
<html>
<head>
<meta charset="utf-8">
<meta name="viewport" content="width=device-width, initial-scale=1, shrink-to-fit=no">
<title>F:\Java_Workspace\PageobjectWithFactories\src\test\resources\reports\Extent_Tue_May_10_15_23_23_IST_2022.html</title>
<link rel="apple-touch-icon" href="https://cdn.jsdelivr.net/gh/extent-framework/extent-github-cdn@b00a2d0486596e73dd7326beacf352c639623a0e/commons/img/logo.png">
<link rel="shortcut icon" href="https://cdn.jsdelivr.net/gh/extent-framework/extent-github-cdn@b00a2d0486596e73dd7326beacf352c639623a0e/commons/img/logo.png">
<link href="https://cdn.jsdelivr.net/gh/extent-framework/extent-github-cdn@c43b89d03a7c43dae8bb8f0f078bad1997af6b3b/spark/css/spark-style.css" rel="stylesheet" />
<link href="https://stackpath.bootstrapcdn.com/font-awesome/4.7.0/css/font-awesome.min.css" rel="stylesheet">
<script src="https://cdn.rawgit.com/extent-framework/extent-github-cdn/7cc78ce/spark/js/jsontree.js"></script>
<style type="text/css"></style></head><body class="spa -report dark">
  <div class="app">
    <div class="layout">
<div class="header navbar">
<div class="vheader">
<div class="nav-logo">
<a href="#">
<div class="logo" style="background-image: url('https://cdn.jsdelivr.net/gh/extent-framework/extent-github-cdn@b00a2d0486596e73dd7326beacf352c639623a0e/commons/img/logo.png')"></div>
</a>
</div>
<ul class="nav-left">
<li class="search-box">
<a class="search-toggle" href="#">
<i class="search-icon fa fa-search"></i>
<i class="search-icon-close fa fa-close"></i>
</a>
</li>
<li class="search-input"><input id="search-tests" class="form-control" type="text" placeholder="Search..."></li>
</ul>
<ul class="nav-right">
<li class="m-r-10">
<a href="#"><span class="badge badge-primary">F:\Java_Workspace\PageobjectWithFactories\src\test\resources\reports\Extent_Tue_May_10_15_23_23_IST_2022.html</span></a>
</li>
<li class="m-r-10">
<a href="#"><span class="badge badge-primary">May 10, 2022 03:23:23 PM</span></a>
</li>
</ul>
</div>
</div><div class="side-nav">
<div class="side-nav-inner">
<ul class="side-nav-menu">
<li class="nav-item dropdown" onclick="toggleView('test-view')">
<a id="nav-test" class="dropdown-toggle" href="#">
<span class="ico"><i class="fa fa-list"></i></span>
</a>
</li>
<li class="nav-item dropdown" onclick="toggleView('dashboard-view')">
<a id="nav-dashboard" class="dropdown-toggle" href="#">
<span class="ico"><i class="fa fa-bar-chart"></i></span>
</a>
</li>
</ul>
</div>
</div>      <div class="vcontainer">
        <div class="main-content">
<div class="test-wrapper row view test-view">
  <div class="test-list">
    <div class="test-list-tools">
<ul class="tools pull-left">
<li><a href="#"><span class="font-size-14">Tests</span></a></li>
</ul>
<ul class="tools text-right">
<li class="dropdown">
<a href="#" class="dropdown-toggle" data-toggle="dropdown"><i class="fa fa-exclamation-circle"></i></a>
<ul id="status-toggle" class="dropdown-menu dropdown-md p-v-0">
<a class="dropdown-item" status="fail" href="#"><span>Fail</span><span class="status danger"></span></a>
<div class="dropdown-divider"></div>
<a status="clear" class="dropdown-item" href="#"><span>Clear</span><span class="pull-right"><i class="fa fa-close"></i></span></a>
</ul>
</li>
</ul>
</div>    <div class="test-list-wrapper scrollable">
      <ul class="test-list-item">
        <li class="test-item"  status="fail" test-id="1"
          author=""
          tag=""
          device="">
          <div class="test-detail">
            <p class="name">com.osm.testcases.VerifyOrangeHrmLoginFunction     @TestCase : hrmLoginTest</p>
            <p class="text-sm">
              <span>15:23:24 PM</span> / <span>30:22:429</span>
              <span class="badge fail-bg log float-right">Fail</span>
            </p>
          </div>
          <div class="test-contents d-none">
<div class="detail-head">
<div class="p-v-10">
<div class="info">
<h5 class="test-status text-fail">com.osm.testcases.VerifyOrangeHrmLoginFunction @TestCase : hrmLoginTest</h5>
<span class='badge badge-success'>05.10.2022 15:23:24</span>
<span class='badge badge-danger'>05.10.2022 15:23:46</span>
<span class='badge badge-default'>30:22:429</span>
&middot; <span class='uri-anchor badge badge-default'>#test-id=1</span>
</div>
</div>
</div><div class="detail-body mt-4">
<table class="table table-sm">
  <thead><tr><th class="status-col">Status</th><th class="timestamp-col">Timestamp</th><th class="details-col">Details</th></tr></thead>
  <tbody>
      <tr class="event-row">
        <td><span class="badge log fail-bg">Fail</span></td>
        <td>3:23:46 PM</td>
        <td>
          <details><summary><b><font color=red>Exception Occured:Click to see</font></b ></summary>[org.openqa.selenium.remote.RemoteWebDriver.execute(RemoteWebDriver.java:576)<br> org.openqa.selenium.remote.RemoteWebDriver.startSession(RemoteWebDriver.java:245)<br> org.openqa.selenium.remote.RemoteWebDriver.<init>(RemoteWebDriver.java:161)<br> org.openqa.selenium.chromium.ChromiumDriver.<init>(ChromiumDriver.java:108)<br> org.openqa.selenium.edge.EdgeDriver.<init>(EdgeDriver.java:52)<br> org.openqa.selenium.edge.EdgeDriver.<init>(EdgeDriver.java:44)<br> org.openqa.selenium.edge.EdgeDriver.<init>(EdgeDriver.java:41)<br> com.osm.base.Page.initConfiguration(Page.java:74)<br> com.osm.testcases.VerifyOrangeHrmLoginFunction.hrmLoginTest(VerifyOrangeHrmLoginFunction.java:14)<br> sun.reflect.NativeMethodAccessorImpl.invoke0(Native Method)<br> sun.reflect.NativeMethodAccessorImpl.invoke(NativeMethodAccessorImpl.java:62)<br> sun.reflect.DelegatingMethodAccessorImpl.invoke(DelegatingMethodAccessorImpl.java:43)<br> java.lang.reflect.Method.invoke(Method.java:498)<br> org.testng.internal.invokers.MethodInvocationHelper.invokeMethod(MethodInvocationHelper.java:135)<br> org.testng.internal.invokers.TestInvoker.invokeMethod(TestInvoker.java:673)<br> org.testng.internal.invokers.TestInvoker.invokeTestMethod(TestInvoker.java:220)<br> org.testng.internal.invokers.MethodRunner.runInSequence(MethodRunner.java:50)<br> org.testng.internal.invokers.TestInvoker$MethodInvocationAgent.invoke(TestInvoker.java:945)<br> org.testng.internal.invokers.TestInvoker.invokeTestMethods(TestInvoker.java:193)<br> org.testng.internal.invokers.TestMethodWorker.invokeTestMethods(TestMethodWorker.java:146)<br> org.testng.internal.invokers.TestMethodWorker.run(TestMethodWorker.java:128)<br> java.util.ArrayList.forEach(ArrayList.java:1257)<br> org.testng.TestRunner.privateRun(TestRunner.java:808)<br> org.testng.TestRunner.run(TestRunner.java:603)<br> org.testng.SuiteRunner.runTest(SuiteRunner.java:429)<br> org.testng.SuiteRunner.runSequentially(SuiteRunner.java:423)<br> org.testng.SuiteRunner.privateRun(SuiteRunner.java:383)<br> org.testng.SuiteRunner.run(SuiteRunner.java:326)<br> org.testng.SuiteRunnerWorker.runSuite(SuiteRunnerWorker.java:52)<br> org.testng.SuiteRunnerWorker.run(SuiteRunnerWorker.java:95)<br> org.testng.TestNG.runSuitesSequentially(TestNG.java:1249)<br> org.testng.TestNG.runSuitesLocally(TestNG.java:1169)<br> org.testng.TestNG.runSuites(TestNG.java:1092)<br> org.testng.TestNG.run(TestNG.java:1060)<br> org.apache.maven.surefire.testng.TestNGExecutor.run(TestNGExecutor.java:284)<br> org.apache.maven.surefire.testng.TestNGXmlTestSuite.execute(TestNGXmlTestSuite.java:75)<br> org.apache.maven.surefire.testng.TestNGProvider.invoke(TestNGProvider.java:119)<br> org.apache.maven.surefire.booter.ForkedBooter.runSuitesInProcess(ForkedBooter.java:428)<br> org.apache.maven.surefire.booter.ForkedBooter.execute(ForkedBooter.java:162)<br> org.apache.maven.surefire.booter.ForkedBooter.run(ForkedBooter.java:562)<br> org.apache.maven.surefire.booter.ForkedBooter.main(ForkedBooter.java:548)]</details> 

        </td>
      </tr>
      <tr class="event-row">
        <td><span class="badge log fail-bg">Fail</span></td>
        <td>3:23:46 PM</td>
        <td>
          <span class='badge white-text red'>TEST CASE FAILED</span>
        </td>
      </tr>
  </tbody>
</table>
</div>
          </div>
        </li>
        <li class="test-item"  status="fail" test-id="2"
          author=""
          tag=""
          device="">
          <div class="test-detail">
            <p class="name">com.osm.testcases.ValidateAddUser     @TestCase : addUserintheSystem</p>
            <p class="text-sm">
              <span>15:23:47 PM</span> / <span>30:20:078</span>
              <span class="badge fail-bg log float-right">Fail</span>
            </p>
          </div>
          <div class="test-contents d-none">
<div class="detail-head">
<div class="p-v-10">
<div class="info">
<h5 class="test-status text-fail">com.osm.testcases.ValidateAddUser @TestCase : addUserintheSystem</h5>
<span class='badge badge-success'>05.10.2022 15:23:47</span>
<span class='badge badge-danger'>05.10.2022 15:24:07</span>
<span class='badge badge-default'>30:20:078</span>
&middot; <span class='uri-anchor badge badge-default'>#test-id=2</span>
</div>
</div>
</div><div class="detail-body mt-4">
<table class="table table-sm">
  <thead><tr><th class="status-col">Status</th><th class="timestamp-col">Timestamp</th><th class="details-col">Details</th></tr></thead>
  <tbody>
      <tr class="event-row">
        <td><span class="badge log fail-bg">Fail</span></td>
        <td>3:24:07 PM</td>
        <td>
          <details><summary><b><font color=red>Exception Occured:Click to see</font></b ></summary>[org.openqa.selenium.remote.RemoteWebDriver.execute(RemoteWebDriver.java:576)<br> org.openqa.selenium.remote.RemoteWebDriver.startSession(RemoteWebDriver.java:245)<br> org.openqa.selenium.remote.RemoteWebDriver.<init>(RemoteWebDriver.java:161)<br> org.openqa.selenium.chromium.ChromiumDriver.<init>(ChromiumDriver.java:108)<br> org.openqa.selenium.edge.EdgeDriver.<init>(EdgeDriver.java:52)<br> org.openqa.selenium.edge.EdgeDriver.<init>(EdgeDriver.java:44)<br> org.openqa.selenium.edge.EdgeDriver.<init>(EdgeDriver.java:41)<br> com.osm.base.Page.initConfiguration(Page.java:74)<br> com.osm.testcases.ValidateAddUser.addUserintheSystem(ValidateAddUser.java:20)<br> sun.reflect.NativeMethodAccessorImpl.invoke0(Native Method)<br> sun.reflect.NativeMethodAccessorImpl.invoke(NativeMethodAccessorImpl.java:62)<br> sun.reflect.DelegatingMethodAccessorImpl.invoke(DelegatingMethodAccessorImpl.java:43)<br> java.lang.reflect.Method.invoke(Method.java:498)<br> org.testng.internal.invokers.MethodInvocationHelper.invokeMethod(MethodInvocationHelper.java:135)<br> org.testng.internal.invokers.TestInvoker.invokeMethod(TestInvoker.java:673)<br> org.testng.internal.invokers.TestInvoker.invokeTestMethod(TestInvoker.java:220)<br> org.testng.internal.invokers.MethodRunner.runInSequence(MethodRunner.java:50)<br> org.testng.internal.invokers.TestInvoker$MethodInvocationAgent.invoke(TestInvoker.java:945)<br> org.testng.internal.invokers.TestInvoker.invokeTestMethods(TestInvoker.java:193)<br> org.testng.internal.invokers.TestMethodWorker.invokeTestMethods(TestMethodWorker.java:146)<br> org.testng.internal.invokers.TestMethodWorker.run(TestMethodWorker.java:128)<br> java.util.ArrayList.forEach(ArrayList.java:1257)<br> org.testng.TestRunner.privateRun(TestRunner.java:808)<br> org.testng.TestRunner.run(TestRunner.java:603)<br> org.testng.SuiteRunner.runTest(SuiteRunner.java:429)<br> org.testng.SuiteRunner.runSequentially(SuiteRunner.java:423)<br> org.testng.SuiteRunner.privateRun(SuiteRunner.java:383)<br> org.testng.SuiteRunner.run(SuiteRunner.java:326)<br> org.testng.SuiteRunnerWorker.runSuite(SuiteRunnerWorker.java:52)<br> org.testng.SuiteRunnerWorker.run(SuiteRunnerWorker.java:95)<br> org.testng.TestNG.runSuitesSequentially(TestNG.java:1249)<br> org.testng.TestNG.runSuitesLocally(TestNG.java:1169)<br> org.testng.TestNG.runSuites(TestNG.java:1092)<br> org.testng.TestNG.run(TestNG.java:1060)<br> org.apache.maven.surefire.testng.TestNGExecutor.run(TestNGExecutor.java:284)<br> org.apache.maven.surefire.testng.TestNGXmlTestSuite.execute(TestNGXmlTestSuite.java:75)<br> org.apache.maven.surefire.testng.TestNGProvider.invoke(TestNGProvider.java:119)<br> org.apache.maven.surefire.booter.ForkedBooter.runSuitesInProcess(ForkedBooter.java:428)<br> org.apache.maven.surefire.booter.ForkedBooter.execute(ForkedBooter.java:162)<br> org.apache.maven.surefire.booter.ForkedBooter.run(ForkedBooter.java:562)<br> org.apache.maven.surefire.booter.ForkedBooter.main(ForkedBooter.java:548)]</details> 

        </td>
      </tr>
      <tr class="event-row">
        <td><span class="badge log fail-bg">Fail</span></td>
        <td>3:24:07 PM</td>
        <td>
          <span class='badge white-text red'>TEST CASE FAILED</span>
        </td>
      </tr>
  </tbody>
</table>
</div>
          </div>
        </li>
        <li class="test-item"  status="fail" test-id="3"
          author=""
          tag=""
          device="">
          <div class="test-detail">
            <p class="name">com.osm.testcases.ValidatePIMmodule     @TestCase : verifyOptionalFields</p>
            <p class="text-sm">
              <span>15:24:08 PM</span> / <span>30:55:600</span>
              <span class="badge fail-bg log float-right">Fail</span>
            </p>
          </div>
          <div class="test-contents d-none">
<div class="detail-head">
<div class="p-v-10">
<div class="info">
<h5 class="test-status text-fail">com.osm.testcases.ValidatePIMmodule @TestCase : verifyOptionalFields</h5>
<span class='badge badge-success'>05.10.2022 15:24:08</span>
<span class='badge badge-danger'>05.10.2022 15:25:03</span>
<span class='badge badge-default'>30:55:600</span>
&middot; <span class='uri-anchor badge badge-default'>#test-id=3</span>
</div>
</div>
</div><div class="detail-body mt-4">
<table class="table table-sm">
  <thead><tr><th class="status-col">Status</th><th class="timestamp-col">Timestamp</th><th class="details-col">Details</th></tr></thead>
  <tbody>
      <tr class="event-row">
        <td><span class="badge log info-bg">Info</span></td>
        <td>3:24:50 PM</td>
        <td>
          Typing in : [[EdgeDriver: msedge on WINDOWS (d181a83b82dcc400c40c364bf4b73716)] -> xpath: //*[@id="txtUsername"]] entered value as Admin
        </td>
      </tr>
      <tr class="event-row">
        <td><span class="badge log info-bg">Info</span></td>
        <td>3:24:50 PM</td>
        <td>
          Typing in : [[EdgeDriver: msedge on WINDOWS (d181a83b82dcc400c40c364bf4b73716)] -> xpath: //*[@id="txtPassword"]] entered value as admin123
        </td>
      </tr>
      <tr class="event-row">
        <td><span class="badge log info-bg">Info</span></td>
        <td>3:24:53 PM</td>
        <td>
          Clicking on an element : [[EdgeDriver: msedge on WINDOWS (d181a83b82dcc400c40c364bf4b73716)] -> xpath: //*[@id="btnLogin"]]
        </td>
      </tr>
      <tr class="event-row">
        <td><span class="badge log fail-bg">Fail</span></td>
        <td>3:25:03 PM</td>
        <td>
          <details><summary><b><font color=red>Exception Occured:Click to see</font></b ></summary>[org.openqa.selenium.support.pagefactory.AjaxElementLocator.findElement(AjaxElementLocator.java:99)<br> org.openqa.selenium.support.pagefactory.internal.LocatingElementHandler.invoke(LocatingElementHandler.java:39)<br> com.sun.proxy.$Proxy11.isDisplayed(Unknown Source)<br> com.osm.pages.actions.TopNavigation.goToPIMModule(TopNavigation.java:48)<br> com.osm.testcases.ValidatePIMmodule.verifyOptionalFields(ValidatePIMmodule.java:17)<br> sun.reflect.NativeMethodAccessorImpl.invoke0(Native Method)<br> sun.reflect.NativeMethodAccessorImpl.invoke(NativeMethodAccessorImpl.java:62)<br> sun.reflect.DelegatingMethodAccessorImpl.invoke(DelegatingMethodAccessorImpl.java:43)<br> java.lang.reflect.Method.invoke(Method.java:498)<br> org.testng.internal.invokers.MethodInvocationHelper.invokeMethod(MethodInvocationHelper.java:135)<br> org.testng.internal.invokers.TestInvoker.invokeMethod(TestInvoker.java:673)<br> org.testng.internal.invokers.TestInvoker.invokeTestMethod(TestInvoker.java:220)<br> org.testng.internal.invokers.MethodRunner.runInSequence(MethodRunner.java:50)<br> org.testng.internal.invokers.TestInvoker$MethodInvocationAgent.invoke(TestInvoker.java:945)<br> org.testng.internal.invokers.TestInvoker.invokeTestMethods(TestInvoker.java:193)<br> org.testng.internal.invokers.TestMethodWorker.invokeTestMethods(TestMethodWorker.java:146)<br> org.testng.internal.invokers.TestMethodWorker.run(TestMethodWorker.java:128)<br> java.util.ArrayList.forEach(ArrayList.java:1257)<br> org.testng.TestRunner.privateRun(TestRunner.java:808)<br> org.testng.TestRunner.run(TestRunner.java:603)<br> org.testng.SuiteRunner.runTest(SuiteRunner.java:429)<br> org.testng.SuiteRunner.runSequentially(SuiteRunner.java:423)<br> org.testng.SuiteRunner.privateRun(SuiteRunner.java:383)<br> org.testng.SuiteRunner.run(SuiteRunner.java:326)<br> org.testng.SuiteRunnerWorker.runSuite(SuiteRunnerWorker.java:52)<br> org.testng.SuiteRunnerWorker.run(SuiteRunnerWorker.java:95)<br> org.testng.TestNG.runSuitesSequentially(TestNG.java:1249)<br> org.testng.TestNG.runSuitesLocally(TestNG.java:1169)<br> org.testng.TestNG.runSuites(TestNG.java:1092)<br> org.testng.TestNG.run(TestNG.java:1060)<br> org.apache.maven.surefire.testng.TestNGExecutor.run(TestNGExecutor.java:284)<br> org.apache.maven.surefire.testng.TestNGXmlTestSuite.execute(TestNGXmlTestSuite.java:75)<br> org.apache.maven.surefire.testng.TestNGProvider.invoke(TestNGProvider.java:119)<br> org.apache.maven.surefire.booter.ForkedBooter.runSuitesInProcess(ForkedBooter.java:428)<br> org.apache.maven.surefire.booter.ForkedBooter.execute(ForkedBooter.java:162)<br> org.apache.maven.surefire.booter.ForkedBooter.run(ForkedBooter.java:562)<br> org.apache.maven.surefire.booter.ForkedBooter.main(ForkedBooter.java:548)]</details> 

        </td>
      </tr>
      <tr class="event-row">
        <td><span class="badge log fail-bg">Fail</span></td>
        <td>3:25:03 PM</td>
        <td>
          <b><font color=red>Screenshot of failure</font></b>
    <div class="row mb-3"><div class="col-md-3">
    <img data-featherlight='Tue_May_10_15_25_03_IST_2022.jpg' src="Tue_May_10_15_25_03_IST_2022.jpg">
    
    </div></div>
        </td>
      </tr>
      <tr class="event-row">
        <td><span class="badge log fail-bg">Fail</span></td>
        <td>3:25:03 PM</td>
        <td>
          <span class='badge white-text red'>TEST CASE FAILED</span>
        </td>
      </tr>
  </tbody>
</table>
</div>
          </div>
        </li>
        <li class="test-item"  status="fail" test-id="4"
          author=""
          tag=""
          device="">
          <div class="test-detail">
            <p class="name">com.osm.testcases.VerifyTabcountofOrangeHrm     @TestCase : tabcountTest</p>
            <p class="text-sm">
              <span>15:25:03 PM</span> / <span>30:20:397</span>
              <span class="badge fail-bg log float-right">Fail</span>
            </p>
          </div>
          <div class="test-contents d-none">
<div class="detail-head">
<div class="p-v-10">
<div class="info">
<h5 class="test-status text-fail">com.osm.testcases.VerifyTabcountofOrangeHrm @TestCase : tabcountTest</h5>
<span class='badge badge-success'>05.10.2022 15:25:03</span>
<span class='badge badge-danger'>05.10.2022 15:25:24</span>
<span class='badge badge-default'>30:20:397</span>
&middot; <span class='uri-anchor badge badge-default'>#test-id=4</span>
</div>
</div>
</div><div class="detail-body mt-4">
<table class="table table-sm">
  <thead><tr><th class="status-col">Status</th><th class="timestamp-col">Timestamp</th><th class="details-col">Details</th></tr></thead>
  <tbody>
      <tr class="event-row">
        <td><span class="badge log fail-bg">Fail</span></td>
        <td>3:25:24 PM</td>
        <td>
          <details><summary><b><font color=red>Exception Occured:Click to see</font></b ></summary>[org.openqa.selenium.remote.RemoteWebDriver.execute(RemoteWebDriver.java:576)<br> org.openqa.selenium.remote.RemoteWebDriver.startSession(RemoteWebDriver.java:245)<br> org.openqa.selenium.remote.RemoteWebDriver.<init>(RemoteWebDriver.java:161)<br> org.openqa.selenium.chromium.ChromiumDriver.<init>(ChromiumDriver.java:108)<br> org.openqa.selenium.edge.EdgeDriver.<init>(EdgeDriver.java:52)<br> org.openqa.selenium.edge.EdgeDriver.<init>(EdgeDriver.java:44)<br> org.openqa.selenium.edge.EdgeDriver.<init>(EdgeDriver.java:41)<br> com.osm.base.Page.initConfiguration(Page.java:74)<br> com.osm.testcases.VerifyTabcountofOrangeHrm.tabcountTest(VerifyTabcountofOrangeHrm.java:16)<br> sun.reflect.NativeMethodAccessorImpl.invoke0(Native Method)<br> sun.reflect.NativeMethodAccessorImpl.invoke(NativeMethodAccessorImpl.java:62)<br> sun.reflect.DelegatingMethodAccessorImpl.invoke(DelegatingMethodAccessorImpl.java:43)<br> java.lang.reflect.Method.invoke(Method.java:498)<br> org.testng.internal.invokers.MethodInvocationHelper.invokeMethod(MethodInvocationHelper.java:135)<br> org.testng.internal.invokers.TestInvoker.invokeMethod(TestInvoker.java:673)<br> org.testng.internal.invokers.TestInvoker.invokeTestMethod(TestInvoker.java:220)<br> org.testng.internal.invokers.MethodRunner.runInSequence(MethodRunner.java:50)<br> org.testng.internal.invokers.TestInvoker$MethodInvocationAgent.invoke(TestInvoker.java:945)<br> org.testng.internal.invokers.TestInvoker.invokeTestMethods(TestInvoker.java:193)<br> org.testng.internal.invokers.TestMethodWorker.invokeTestMethods(TestMethodWorker.java:146)<br> org.testng.internal.invokers.TestMethodWorker.run(TestMethodWorker.java:128)<br> java.util.ArrayList.forEach(ArrayList.java:1257)<br> org.testng.TestRunner.privateRun(TestRunner.java:808)<br> org.testng.TestRunner.run(TestRunner.java:603)<br> org.testng.SuiteRunner.runTest(SuiteRunner.java:429)<br> org.testng.SuiteRunner.runSequentially(SuiteRunner.java:423)<br> org.testng.SuiteRunner.privateRun(SuiteRunner.java:383)<br> org.testng.SuiteRunner.run(SuiteRunner.java:326)<br> org.testng.SuiteRunnerWorker.runSuite(SuiteRunnerWorker.java:52)<br> org.testng.SuiteRunnerWorker.run(SuiteRunnerWorker.java:95)<br> org.testng.TestNG.runSuitesSequentially(TestNG.java:1249)<br> org.testng.TestNG.runSuitesLocally(TestNG.java:1169)<br> org.testng.TestNG.runSuites(TestNG.java:1092)<br> org.testng.TestNG.run(TestNG.java:1060)<br> org.apache.maven.surefire.testng.TestNGExecutor.run(TestNGExecutor.java:284)<br> org.apache.maven.surefire.testng.TestNGXmlTestSuite.execute(TestNGXmlTestSuite.java:75)<br> org.apache.maven.surefire.testng.TestNGProvider.invoke(TestNGProvider.java:119)<br> org.apache.maven.surefire.booter.ForkedBooter.runSuitesInProcess(ForkedBooter.java:428)<br> org.apache.maven.surefire.booter.ForkedBooter.execute(ForkedBooter.java:162)<br> org.apache.maven.surefire.booter.ForkedBooter.run(ForkedBooter.java:562)<br> org.apache.maven.surefire.booter.ForkedBooter.main(ForkedBooter.java:548)]</details> 

        </td>
      </tr>
      <tr class="event-row">
        <td><span class="badge log fail-bg">Fail</span></td>
        <td>3:25:24 PM</td>
        <td>
          <b><font color=red>Screenshot of failure</font></b>
    <div class="row mb-3"><div class="col-md-3">
    <img data-featherlight='Tue_May_10_15_25_24_IST_2022.jpg' src="Tue_May_10_15_25_24_IST_2022.jpg">
    
    </div></div>
        </td>
      </tr>
      <tr class="event-row">
        <td><span class="badge log fail-bg">Fail</span></td>
        <td>3:25:24 PM</td>
        <td>
          <span class='badge white-text red'>TEST CASE FAILED</span>
        </td>
      </tr>
  </tbody>
</table>
</div>
          </div>
        </li>
        <li class="test-item"  status="fail" test-id="5"
          author=""
          tag=""
          device="">
          <div class="test-detail">
            <p class="name">com.osm.testcases.ValidateAddJobTitles     @TestCase : verifyJobTitlesadded</p>
            <p class="text-sm">
              <span>15:25:24 PM</span> / <span>30:56:319</span>
              <span class="badge fail-bg log float-right">Fail</span>
            </p>
          </div>
          <div class="test-contents d-none">
<div class="detail-head">
<div class="p-v-10">
<div class="info">
<h5 class="test-status text-fail">com.osm.testcases.ValidateAddJobTitles @TestCase : verifyJobTitlesadded</h5>
<span class='badge badge-success'>05.10.2022 15:25:24</span>
<span class='badge badge-danger'>05.10.2022 15:26:20</span>
<span class='badge badge-default'>30:56:319</span>
&middot; <span class='uri-anchor badge badge-default'>#test-id=5</span>
</div>
</div>
</div><div class="detail-body mt-4">
<table class="table table-sm">
  <thead><tr><th class="status-col">Status</th><th class="timestamp-col">Timestamp</th><th class="details-col">Details</th></tr></thead>
  <tbody>
      <tr class="event-row">
        <td><span class="badge log info-bg">Info</span></td>
        <td>3:26:07 PM</td>
        <td>
          Typing in : [[EdgeDriver: msedge on WINDOWS (83070b8e1fe542ab4aee58b8dbd72d23)] -> xpath: //*[@id="txtUsername"]] entered value as Admin
        </td>
      </tr>
      <tr class="event-row">
        <td><span class="badge log info-bg">Info</span></td>
        <td>3:26:08 PM</td>
        <td>
          Typing in : [[EdgeDriver: msedge on WINDOWS (83070b8e1fe542ab4aee58b8dbd72d23)] -> xpath: //*[@id="txtPassword"]] entered value as admin123
        </td>
      </tr>
      <tr class="event-row">
        <td><span class="badge log info-bg">Info</span></td>
        <td>3:26:10 PM</td>
        <td>
          Clicking on an element : [[EdgeDriver: msedge on WINDOWS (83070b8e1fe542ab4aee58b8dbd72d23)] -> xpath: //*[@id="btnLogin"]]
        </td>
      </tr>
      <tr class="event-row">
        <td><span class="badge log fail-bg">Fail</span></td>
        <td>3:26:20 PM</td>
        <td>
          <details><summary><b><font color=red>Exception Occured:Click to see</font></b ></summary>[org.openqa.selenium.support.pagefactory.AjaxElementLocator.findElement(AjaxElementLocator.java:99)<br> org.openqa.selenium.support.pagefactory.internal.LocatingElementHandler.invoke(LocatingElementHandler.java:39)<br> com.sun.proxy.$Proxy11.click(Unknown Source)<br> com.osm.pages.actions.TopNavigation.goToAdminModule(TopNavigation.java:27)<br> com.osm.pages.actions.JobInfoPage.addJobTitles(JobInfoPage.java:25)<br> com.osm.testcases.ValidateAddJobTitles.verifyJobTitlesadded(ValidateAddJobTitles.java:19)<br> sun.reflect.NativeMethodAccessorImpl.invoke0(Native Method)<br> sun.reflect.NativeMethodAccessorImpl.invoke(NativeMethodAccessorImpl.java:62)<br> sun.reflect.DelegatingMethodAccessorImpl.invoke(DelegatingMethodAccessorImpl.java:43)<br> java.lang.reflect.Method.invoke(Method.java:498)<br> org.testng.internal.invokers.MethodInvocationHelper.invokeMethod(MethodInvocationHelper.java:135)<br> org.testng.internal.invokers.TestInvoker.invokeMethod(TestInvoker.java:673)<br> org.testng.internal.invokers.TestInvoker.invokeTestMethod(TestInvoker.java:220)<br> org.testng.internal.invokers.MethodRunner.runInSequence(MethodRunner.java:50)<br> org.testng.internal.invokers.TestInvoker$MethodInvocationAgent.invoke(TestInvoker.java:945)<br> org.testng.internal.invokers.TestInvoker.invokeTestMethods(TestInvoker.java:193)<br> org.testng.internal.invokers.TestMethodWorker.invokeTestMethods(TestMethodWorker.java:146)<br> org.testng.internal.invokers.TestMethodWorker.run(TestMethodWorker.java:128)<br> java.util.ArrayList.forEach(ArrayList.java:1257)<br> org.testng.TestRunner.privateRun(TestRunner.java:808)<br> org.testng.TestRunner.run(TestRunner.java:603)<br> org.testng.SuiteRunner.runTest(SuiteRunner.java:429)<br> org.testng.SuiteRunner.runSequentially(SuiteRunner.java:423)<br> org.testng.SuiteRunner.privateRun(SuiteRunner.java:383)<br> org.testng.SuiteRunner.run(SuiteRunner.java:326)<br> org.testng.SuiteRunnerWorker.runSuite(SuiteRunnerWorker.java:52)<br> org.testng.SuiteRunnerWorker.run(SuiteRunnerWorker.java:95)<br> org.testng.TestNG.runSuitesSequentially(TestNG.java:1249)<br> org.testng.TestNG.runSuitesLocally(TestNG.java:1169)<br> org.testng.TestNG.runSuites(TestNG.java:1092)<br> org.testng.TestNG.run(TestNG.java:1060)<br> org.apache.maven.surefire.testng.TestNGExecutor.run(TestNGExecutor.java:284)<br> org.apache.maven.surefire.testng.TestNGXmlTestSuite.execute(TestNGXmlTestSuite.java:75)<br> org.apache.maven.surefire.testng.TestNGProvider.invoke(TestNGProvider.java:119)<br> org.apache.maven.surefire.booter.ForkedBooter.runSuitesInProcess(ForkedBooter.java:428)<br> org.apache.maven.surefire.booter.ForkedBooter.execute(ForkedBooter.java:162)<br> org.apache.maven.surefire.booter.ForkedBooter.run(ForkedBooter.java:562)<br> org.apache.maven.surefire.booter.ForkedBooter.main(ForkedBooter.java:548)]</details> 

        </td>
      </tr>
      <tr class="event-row">
        <td><span class="badge log fail-bg">Fail</span></td>
        <td>3:26:20 PM</td>
        <td>
          <b><font color=red>Screenshot of failure</font></b>
    <div class="row mb-3"><div class="col-md-3">
    <img data-featherlight='Tue_May_10_15_26_20_IST_2022.jpg' src="Tue_May_10_15_26_20_IST_2022.jpg">
    
    </div></div>
        </td>
      </tr>
      <tr class="event-row">
        <td><span class="badge log fail-bg">Fail</span></td>
        <td>3:26:20 PM</td>
        <td>
          <span class='badge white-text red'>TEST CASE FAILED</span>
        </td>
      </tr>
  </tbody>
</table>
</div>
          </div>
        </li>
      </ul>
    </div>
  </div>
<div class="test-content scrollable">
<div class="test-content-tools">
<ul><li><a class="back-to-test" href="#"><i class="fa fa-arrow-left"></i></a></li></ul>
</div>
<div class="test-content-detail"><div class="detail-body"></div></div>
</div></div>
<div class="container-fluid p-4 view dashboard-view">
<div class="row">
<div class="col-md-3">
<div class="card"><div class="card-body">
<p class="m-b-0">Started</p>
<h3>May 10, 2022 03:23:23 PM</h3>
</div></div>
</div>
<div class="col-md-3">
<div class="card"><div class="card-body">
<p class="m-b-0">Ended</p>
<h3>May 10, 2022 03:26:20 PM</h3>
</div></div>
</div>
<div class="col-md-3">
<div class="card"><div class="card-body">
<p class="m-b-0 text-pass">Tests Passed</p>
<h3>0</h3>
</div></div>
</div>
<div class="col-md-3">
<div class="card"><div class="card-body">
<p class="m-b-0 text-fail">Tests Failed</p>
<h3>5</h3>
</div></div>
</div>
</div>
<div class="row">
<div class="col-md-6">
<div class="card">
<div class="card-header">
<h6 class="card-title">Tests</h6>
</div>
<div class="card-body">
<div class="">
<canvas id='parent-analysis' width='115' height='90'></canvas>
</div>
</div>
<div class="card-footer">
<div><small data-tooltip='0%'>
<b>0</b> tests passed
</small>
</div>
<div>
<small data-tooltip='100%'><b>5</b> tests failed,
<b>0</b> skipped, <b data-tooltip='0%'>0</b> others
</small>
</div>
</div>
</div>
</div>
<div class="col-md-6">
<div class="card">
<div class="card-header">
<h6 class="card-title">Log events</h6>
</div>
<div class="card-body">
<div class="">
<canvas id='events-analysis' width='115' height='90'></canvas>
</div>
</div>
<div class="card-footer">
<div><small data-tooltip='0%'><b>0</b> events passed</small></div>
<div>
<small data-tooltip='68%'><b>13</b> events failed,
<b data-tooltip='%'>6</b> others
</small>
</div>
</div>
</div>
</div>
</div>
<div class="row"><div class="col-md-12">
<div class="card"><div class="card-header"><p>Timeline</p></div>
<div class="card-body pt-0"><div>
<canvas id="timeline" height="120"></canvas>
</div></div>
</div>
</div></div>
<script>
var timeline = {
"com.osm.testcases.VerifyOrangeHrmLoginFunction @TestCase : hrmLoginTest":22.429,"com.osm.testcases.ValidateAddUser @TestCase : addUserintheSystem":20.078,"com.osm.testcases.ValidatePIMmodule @TestCase : verifyOptionalFields":55.6,"com.osm.testcases.VerifyTabcountofOrangeHrm @TestCase : tabcountTest":20.397,"com.osm.testcases.ValidateAddJobTitles @TestCase : verifyJobTitlesadded":56.319
};
</script>
<div class="row">
<div class="col-md-4 sysenv-container">
<div class="card">
<div class="card-header"><p>System/Environment</p></div>
<div class="card-body pb-0 pt-0"><table class="table table-sm table-bordered">
<thead><tr class="bg-gray"><th>Name</th><th>Value</th></tr></thead>
<tbody>
<tr>
<td>Automation Tester</td>
<td>Omprakash Medhe</td>
</tr>
<tr>
<td>Organization</td>
<td>OSM</td>
</tr>
<tr>
<td>Build no</td>
<td>OSM1234</td>
</tr>
</tbody>
</table></div>
</div>
</div>
</div>
</div>
<script>
var statusGroup = {
parentCount: 5,
passParent: 0,
failParent: 5,
warningParent: 0,
skipParent: 0,
childCount: 5,
passChild: 0,
failChild: 0,
warningChild: 0,
skipChild: 0,
infoChild: 0,
grandChildCount: 5,
passGrandChild: 0,
failGrandChild: 0,
warningGrandChild: 0,
skipGrandChild: 0,
infoGrandChild: 0,
eventsCount: 5,
passEvents: 0,
failEvents: 13,
warningEvents: 0,
skipEvents: 0,
infoEvents: 6
};
</script>        </div>
      </div>
    </div>
  </div>
<script src="https://cdn.jsdelivr.net/gh/extent-framework/extent-github-cdn@14e9bb345ef7e2ed3a102f271d84e9f0267c88e7/spark/js/spark-script.js"></script>
<script type="text/javascript"></script></body>
</html>