<?xml version="1.0" encoding="UTF-8"?>
<!-- Generated by org.testng.reporters.JUnitXMLReporter -->
<testsuite hostname="DESKTOP-1JUR5DD" ignored="0" name="TabcountTest" tests="1" failures="1" timestamp="2022-04-26T11:27:47 IST" time="53.196" errors="0">
  <testcase name="tabcountTest" time="53.191" classname="com.osm.testcases.VerifyTabcountofOrangeHrm">
    <failure type="java.lang.AssertionError" message="expected [10] but found [11]">
      <![CDATA[java.lang.AssertionError: expected [10] but found [11]
at com.osm.errorcollectors.ErrorCollector.assertEquals(ErrorCollector.java:40)
at com.osm.errorcollectors.ErrorCollector.verifyEquals(ErrorCollector.java:104)
at com.osm.testcases.VerifyTabcountofOrangeHrm.tabcountTest(VerifyTabcountofOrangeHrm.java:20)
at java.util.ArrayList.forEach(ArrayList.java:1257)
... Removed 32 stack frames]]>
    </failure>
  </testcase> <!-- tabcountTest -->
</testsuite> <!-- TabcountTest -->
